# JRE version: OpenJDK Runtime Environment (24.0+36) (build 24+36-3646)
# Java VM: OpenJDK 64-Bit Server VM (24+36-3646, mixed mode, sharing, tiered, compressed oops, compressed class ptrs, g1 gc, windows-amd64)
GC Precious Log:
 CardTable entry size: 512
 Card Set container configuration: InlinePtr #cards 5 size 8 Array Of Cards #cards 10 size 36 Howl #buckets 4 coarsen threshold 1843 Howl Bitmap #cards 512 size 80 coarsen threshold 460 Card regions per heap region 1 cards per card region 2048
 CPUs: 4 total, 4 available
 Memory: 3982M
 Large Page Support: Disabled
 NUMA Support: Disabled
 Compressed Oops: Enabled (32-bit)
 Heap Region Size: 1M
 Heap Min Capacity: 8M
 Heap Initial Capacity: 64M
 Heap Max Capacity: 996M
 Pre-touch: Disabled
 Parallel Workers: 4
 Concurrent Workers: 1
 Concurrent Refinement Workers: 4
 Periodic GC: Disabled
Heap:
 garbage-first heap   total reserved 1019904K, committed 67584K, used 24358K [0x00000000c1c00000, 0x0000000100000000)
  region size 1024K, 11 young (11264K), 3 survivors (3072K)
 Metaspace       used 19498K, committed 19904K, reserved 1114112K
  class space    used 2141K, committed 2304K, reserved 1048576K
GC Heap History (6 events):
Event: 1.307 GC heap before
{Heap before GC invocations=0 (full 0):
 garbage-first heap   total reserved 1019904K, committed 67584K, used 29808K [0x00000000c1c00000, 0x0000000100000000)
  region size 1024K, 28 young (28672K), 0 survivors (0K)
 Metaspace       used 5319K, committed 5568K, reserved 1114112K
  class space    used 473K, committed 576K, reserved 1048576K
}
Event: 1.311 GC heap after
{Heap after GC invocations=1 (full 0):
 garbage-first heap   total reserved 1019904K, committed 67584K, used 4720K [0x00000000c1c00000, 0x0000000100000000)
  region size 1024K, 4 young (4096K), 4 survivors (4096K)
 Metaspace       used 5319K, committed 5568K, reserved 1114112K
  class space    used 473K, committed 576K, reserved 1048576K
}
Event: 2.173 GC heap before
{Heap before GC invocations=1 (full 0):
 garbage-first heap   total reserved 1019904K, committed 67584K, used 36464K [0x00000000c1c00000, 0x0000000100000000)
  region size 1024K, 31 young (31744K), 4 survivors (4096K)
 Metaspace       used 13929K, committed 14144K, reserved 1114112K
  class space    used 1450K, committed 1536K, reserved 1048576K
}
Event: 2.181 GC heap after
{Heap after GC invocations=2 (full 0):
 garbage-first heap   total reserved 1019904K, committed 67584K, used 12933K [0x00000000c1c00000, 0x0000000100000000)
  region size 1024K, 4 young (4096K), 4 survivors (4096K)
 Metaspace       used 13929K, committed 14144K, reserved 1114112K
  class space    used 1450K, committed 1536K, reserved 1048576K
}
Event: 11.765 GC heap before
{Heap before GC invocations=2 (full 0):
 garbage-first heap   total reserved 1019904K, committed 67584K, used 42629K [0x00000000c1c00000, 0x0000000100000000)
  region size 1024K, 31 young (31744K), 4 survivors (4096K)
 Metaspace       used 18846K, committed 19200K, reserved 1114112K
  class space    used 2074K, committed 2240K, reserved 1048576K
}
Event: 11.772 GC heap after
{Heap after GC invocations=3 (full 0):
 garbage-first heap   total reserved 1019904K, committed 67584K, used 17190K [0x00000000c1c00000, 0x0000000100000000)
  region size 1024K, 3 young (3072K), 3 survivors (3072K)
 Metaspace       used 18846K, committed 19200K, reserved 1114112K
  class space    used 2074K, committed 2240K, reserved 1048576K
}

